{"/Users/angelayang/ML interview assignment/backend/src/app.ts": {"path":"/Users/angelayang/ML interview assignment/backend/src/app.ts","statementMap":{"0":{"start":{"line":1,"column":0},"end":{"line":1,"column":30}},"1":{"start":{"line":2,"column":0},"end":{"line":2,"column":47}},"2":{"start":{"line":3,"column":0},"end":{"line":3,"column":24}},"3":{"start":{"line":5,"column":12},"end":{"line":5,"column":21}},"4":{"start":{"line":7,"column":0},"end":{"line":7,"column":16}},"5":{"start":{"line":8,"column":0},"end":{"line":8,"column":41}},"6":{"start":{"line":10,"column":0},"end":{"line":10,"column":36}},"7":{"start":{"line":12,"column":0},"end":{"line":12,"column":19}}},"fnMap":{},"branchMap":{},"s":{"0":1,"1":1,"2":1,"3":1,"4":1,"5":1,"6":1,"7":1},"f":{},"b":{}}
,"/Users/angelayang/ML interview assignment/backend/src/server.ts": {"path":"/Users/angelayang/ML interview assignment/backend/src/server.ts","statementMap":{"0":{"start":{"line":1,"column":0},"end":{"line":1,"column":24}},"1":{"start":{"line":3,"column":13},"end":{"line":3,"column":37}},"2":{"start":{"line":5,"column":0},"end":{"line":7,"column":3}},"3":{"start":{"line":6,"column":2},"end":{"line":6,"column":50}}},"fnMap":{"0":{"name":"(anonymous_1)","decl":{"start":{"line":5,"column":17},"end":{"line":5,"column":20}},"loc":{"start":{"line":5,"column":22},"end":{"line":7,"column":1}}}},"branchMap":{"0":{"loc":{"start":{"line":3,"column":13},"end":{"line":3,"column":37}},"type":"binary-expr","locations":[{"start":{"line":3,"column":13},"end":{"line":3,"column":29}},{"start":{"line":3,"column":33},"end":{"line":3,"column":37}}]}},"s":{"0":0,"1":0,"2":0,"3":0},"f":{"0":0},"b":{"0":[0,0]}}
,"/Users/angelayang/ML interview assignment/backend/src/controllers/alertController.ts": {"path":"/Users/angelayang/ML interview assignment/backend/src/controllers/alertController.ts","statementMap":{"0":{"start":{"line":2,"column":0},"end":{"line":2,"column":57}},"1":{"start":{"line":3,"column":28},"end":{"line":37,"column":1}},"2":{"start":{"line":4,"column":17},"end":{"line":4,"column":32}},"3":{"start":{"line":6,"column":2},"end":{"line":8,"column":3}},"4":{"start":{"line":7,"column":4},"end":{"line":7,"column":72}},"5":{"start":{"line":11,"column":2},"end":{"line":28,"column":3}},"6":{"start":{"line":12,"column":4},"end":{"line":18,"column":5}},"7":{"start":{"line":17,"column":6},"end":{"line":17,"column":74}},"8":{"start":{"line":20,"column":4},"end":{"line":27,"column":5}},"9":{"start":{"line":21,"column":6},"end":{"line":26,"column":7}},"10":{"start":{"line":25,"column":8},"end":{"line":25,"column":77}},"11":{"start":{"line":30,"column":2},"end":{"line":36,"column":3}},"12":{"start":{"line":31,"column":4},"end":{"line":31,"column":44}},"13":{"start":{"line":32,"column":4},"end":{"line":32,"column":77}},"14":{"start":{"line":34,"column":4},"end":{"line":34,"column":41}},"15":{"start":{"line":35,"column":4},"end":{"line":35,"column":65}},"16":{"start":{"line":3,"column":13},"end":{"line":3,"column":28}},"17":{"start":{"line":41,"column":25},"end":{"line":49,"column":1}},"18":{"start":{"line":42,"column":2},"end":{"line":48,"column":3}},"19":{"start":{"line":43,"column":19},"end":{"line":43,"column":52}},"20":{"start":{"line":44,"column":4},"end":{"line":44,"column":25}},"21":{"start":{"line":46,"column":4},"end":{"line":46,"column":40}},"22":{"start":{"line":47,"column":4},"end":{"line":47,"column":64}},"23":{"start":{"line":41,"column":13},"end":{"line":41,"column":25}},"24":{"start":{"line":52,"column":27},"end":{"line":63,"column":1}},"25":{"start":{"line":53,"column":13},"end":{"line":53,"column":26}},"26":{"start":{"line":54,"column":22},"end":{"line":54,"column":30}},"27":{"start":{"line":56,"column":2},"end":{"line":62,"column":3}},"28":{"start":{"line":57,"column":4},"end":{"line":57,"column":52}},"29":{"start":{"line":58,"column":4},"end":{"line":58,"column":32}},"30":{"start":{"line":60,"column":4},"end":{"line":60,"column":50}},"31":{"start":{"line":61,"column":4},"end":{"line":61,"column":64}},"32":{"start":{"line":52,"column":13},"end":{"line":52,"column":27}},"33":{"start":{"line":65,"column":27},"end":{"line":75,"column":1}},"34":{"start":{"line":66,"column":13},"end":{"line":66,"column":26}},"35":{"start":{"line":68,"column":2},"end":{"line":74,"column":3}},"36":{"start":{"line":69,"column":4},"end":{"line":69,"column":39}},"37":{"start":{"line":70,"column":4},"end":{"line":70,"column":32}},"38":{"start":{"line":72,"column":4},"end":{"line":72,"column":50}},"39":{"start":{"line":73,"column":4},"end":{"line":73,"column":64}},"40":{"start":{"line":65,"column":13},"end":{"line":65,"column":27}}},"fnMap":{"0":{"name":"(anonymous_9)","decl":{"start":{"line":3,"column":28},"end":{"line":3,"column":33}},"loc":{"start":{"line":3,"column":66},"end":{"line":37,"column":1}}},"1":{"name":"(anonymous_10)","decl":{"start":{"line":41,"column":25},"end":{"line":41,"column":30}},"loc":{"start":{"line":41,"column":63},"end":{"line":49,"column":1}}},"2":{"name":"(anonymous_11)","decl":{"start":{"line":52,"column":27},"end":{"line":52,"column":32}},"loc":{"start":{"line":52,"column":65},"end":{"line":63,"column":1}}},"3":{"name":"(anonymous_12)","decl":{"start":{"line":65,"column":27},"end":{"line":65,"column":32}},"loc":{"start":{"line":65,"column":65},"end":{"line":75,"column":1}}}},"branchMap":{"0":{"loc":{"start":{"line":6,"column":2},"end":{"line":8,"column":3}},"type":"if","locations":[{"start":{"line":6,"column":2},"end":{"line":8,"column":3}}]},"1":{"loc":{"start":{"line":12,"column":4},"end":{"line":18,"column":5}},"type":"if","locations":[{"start":{"line":12,"column":4},"end":{"line":18,"column":5}}]},"2":{"loc":{"start":{"line":13,"column":6},"end":{"line":15,"column":35}},"type":"binary-expr","locations":[{"start":{"line":13,"column":6},"end":{"line":13,"column":41}},{"start":{"line":14,"column":6},"end":{"line":14,"column":41}},{"start":{"line":15,"column":6},"end":{"line":15,"column":35}}]},"3":{"loc":{"start":{"line":21,"column":6},"end":{"line":26,"column":7}},"type":"if","locations":[{"start":{"line":21,"column":6},"end":{"line":26,"column":7}}]},"4":{"loc":{"start":{"line":22,"column":8},"end":{"line":23,"column":40}},"type":"binary-expr","locations":[{"start":{"line":22,"column":8},"end":{"line":22,"column":35}},{"start":{"line":23,"column":8},"end":{"line":23,"column":40}}]}},"s":{"0":1,"1":1,"2":6,"3":6,"4":1,"5":5,"6":5,"7":2,"8":3,"9":3,"10":2,"11":1,"12":1,"13":1,"14":0,"15":0,"16":1,"17":1,"18":0,"19":0,"20":0,"21":0,"22":0,"23":1,"24":1,"25":2,"26":2,"27":2,"28":2,"29":1,"30":1,"31":1,"32":1,"33":1,"34":2,"35":2,"36":2,"37":1,"38":1,"39":1,"40":1},"f":{"0":6,"1":0,"2":2,"3":2},"b":{"0":[1],"1":[2],"2":[5,4,3],"3":[2],"4":[3,3]}}
,"/Users/angelayang/ML interview assignment/backend/src/db/db.ts": {"path":"/Users/angelayang/ML interview assignment/backend/src/db/db.ts","statementMap":{"0":{"start":{"line":2,"column":0},"end":{"line":2,"column":35}},"1":{"start":{"line":4,"column":11},"end":{"line":11,"column":2}},"2":{"start":{"line":12,"column":0},"end":{"line":12,"column":18}}},"fnMap":{},"branchMap":{},"s":{"0":4,"1":4,"2":4},"f":{},"b":{}}
,"/Users/angelayang/ML interview assignment/backend/src/db/fetchAlerts.ts": {"path":"/Users/angelayang/ML interview assignment/backend/src/db/fetchAlerts.ts","statementMap":{"0":{"start":{"line":3,"column":0},"end":{"line":3,"column":7}},"1":{"start":{"line":1,"column":0},"end":{"line":1,"column":24}},"2":{"start":{"line":4,"column":17},"end":{"line":6,"column":null}},"3":{"start":{"line":8,"column":2},"end":{"line":8,"column":14}}},"fnMap":{"0":{"name":"fetchAlerts","decl":{"start":{"line":3,"column":22},"end":{"line":3,"column":33}},"loc":{"start":{"line":3,"column":45},"end":{"line":9,"column":1}}}},"branchMap":{"0":{"loc":{"start":{"line":3,"column":34},"end":{"line":3,"column":45}},"type":"default-arg","locations":[{"start":{"line":3,"column":42},"end":{"line":3,"column":45}}]}},"s":{"0":1,"1":1,"2":1,"3":1},"f":{"0":1},"b":{"0":[0]}}
,"/Users/angelayang/ML interview assignment/backend/src/db/insertAlerts.ts": {"path":"/Users/angelayang/ML interview assignment/backend/src/db/insertAlerts.ts","statementMap":{"0":{"start":{"line":3,"column":0},"end":{"line":3,"column":7}},"1":{"start":{"line":1,"column":0},"end":{"line":1,"column":22}},"2":{"start":{"line":4,"column":17},"end":{"line":9,"column":4}},"3":{"start":{"line":4,"column":35},"end":{"line":9,"column":4}},"4":{"start":{"line":11,"column":19},"end":{"line":13,"column":null}},"5":{"start":{"line":16,"column":2},"end":{"line":16,"column":38}}},"fnMap":{"0":{"name":"insertAlerts","decl":{"start":{"line":3,"column":22},"end":{"line":3,"column":34}},"loc":{"start":{"line":3,"column":48},"end":{"line":17,"column":1}}},"1":{"name":"(anonymous_2)","decl":{"start":{"line":4,"column":28},"end":{"line":4,"column":29}},"loc":{"start":{"line":4,"column":35},"end":{"line":9,"column":4}}}},"branchMap":{},"s":{"0":1,"1":1,"2":2,"3":1,"4":1,"5":1},"f":{"0":2,"1":1},"b":{}}
,"/Users/angelayang/ML interview assignment/backend/src/routes/alertRoutes.ts": {"path":"/Users/angelayang/ML interview assignment/backend/src/routes/alertRoutes.ts","statementMap":{"0":{"start":{"line":1,"column":0},"end":{"line":1,"column":30}},"1":{"start":{"line":2,"column":0},"end":{"line":2,"column":66}},"2":{"start":{"line":4,"column":15},"end":{"line":4,"column":31}},"3":{"start":{"line":6,"column":0},"end":{"line":6,"column":53}},"4":{"start":{"line":7,"column":0},"end":{"line":7,"column":43}},"5":{"start":{"line":8,"column":0},"end":{"line":8,"column":48}},"6":{"start":{"line":9,"column":0},"end":{"line":9,"column":51}},"7":{"start":{"line":11,"column":0},"end":{"line":11,"column":22}}},"fnMap":{},"branchMap":{},"s":{"0":1,"1":1,"2":1,"3":1,"4":1,"5":1,"6":1,"7":1},"f":{},"b":{}}
,"/Users/angelayang/ML interview assignment/backend/src/services/alertService.ts": {"path":"/Users/angelayang/ML interview assignment/backend/src/services/alertService.ts","statementMap":{"0":{"start":{"line":1,"column":0},"end":{"line":1,"column":26}},"1":{"start":{"line":4,"column":28},"end":{"line":7,"column":1}},"2":{"start":{"line":5,"column":17},"end":{"line":5,"column":79}},"3":{"start":{"line":6,"column":2},"end":{"line":6,"column":14}},"4":{"start":{"line":4,"column":13},"end":{"line":4,"column":28}},"5":{"start":{"line":10,"column":28},"end":{"line":25,"column":3}},"6":{"start":{"line":11,"column":19},"end":{"line":17,"column":6}},"7":{"start":{"line":11,"column":37},"end":{"line":17,"column":6}},"8":{"start":{"line":19,"column":18},"end":{"line":22,"column":6}},"9":{"start":{"line":24,"column":4},"end":{"line":24,"column":36}},"10":{"start":{"line":10,"column":13},"end":{"line":10,"column":28}},"11":{"start":{"line":29,"column":27},"end":{"line":34,"column":1}},"12":{"start":{"line":30,"column":2},"end":{"line":33,"column":4}},"13":{"start":{"line":29,"column":13},"end":{"line":29,"column":27}},"14":{"start":{"line":37,"column":27},"end":{"line":39,"column":1}},"15":{"start":{"line":38,"column":2},"end":{"line":38,"column":58}},"16":{"start":{"line":37,"column":13},"end":{"line":37,"column":27}}},"fnMap":{"0":{"name":"(anonymous_1)","decl":{"start":{"line":4,"column":28},"end":{"line":4,"column":33}},"loc":{"start":{"line":4,"column":39},"end":{"line":7,"column":1}}},"1":{"name":"(anonymous_2)","decl":{"start":{"line":10,"column":28},"end":{"line":10,"column":33}},"loc":{"start":{"line":10,"column":52},"end":{"line":25,"column":3}}},"2":{"name":"(anonymous_3)","decl":{"start":{"line":11,"column":30},"end":{"line":11,"column":31}},"loc":{"start":{"line":11,"column":37},"end":{"line":17,"column":6}}},"3":{"name":"(anonymous_4)","decl":{"start":{"line":29,"column":27},"end":{"line":29,"column":32}},"loc":{"start":{"line":29,"column":62},"end":{"line":34,"column":1}}},"4":{"name":"(anonymous_5)","decl":{"start":{"line":37,"column":27},"end":{"line":37,"column":32}},"loc":{"start":{"line":37,"column":48},"end":{"line":39,"column":1}}}},"branchMap":{"0":{"loc":{"start":{"line":13,"column":6},"end":{"line":13,"column":33}},"type":"binary-expr","locations":[{"start":{"line":13,"column":6},"end":{"line":13,"column":17}},{"start":{"line":13,"column":21},"end":{"line":13,"column":33}}]},"1":{"loc":{"start":{"line":15,"column":6},"end":{"line":15,"column":28}},"type":"binary-expr","locations":[{"start":{"line":15,"column":6},"end":{"line":15,"column":13}},{"start":{"line":15,"column":17},"end":{"line":15,"column":28}}]},"2":{"loc":{"start":{"line":16,"column":21},"end":{"line":16,"column":36}},"type":"binary-expr","locations":[{"start":{"line":16,"column":21},"end":{"line":16,"column":30}},{"start":{"line":16,"column":34},"end":{"line":16,"column":36}}]}},"s":{"0":2,"1":2,"2":1,"3":1,"4":2,"5":2,"6":1,"7":1,"8":1,"9":1,"10":2,"11":2,"12":3,"13":2,"14":2,"15":3,"16":2},"f":{"0":1,"1":1,"2":1,"3":3,"4":3},"b":{"0":[1,0],"1":[1,1],"2":[1,0]}}
}
