TN:
SF:src/app.ts
FNF:0
FNH:0
DA:1,1
DA:2,1
DA:3,1
DA:5,1
DA:7,1
DA:8,1
DA:10,1
DA:12,1
LF:8
LH:8
BRF:0
BRH:0
end_of_record
TN:
SF:src/server.ts
FN:5,(anonymous_1)
FNF:1
FNH:0
FNDA:0,(anonymous_1)
DA:1,0
DA:3,0
DA:5,0
DA:6,0
LF:4
LH:0
BRDA:3,0,0,0
BRDA:3,0,1,0
BRF:2
BRH:0
end_of_record
TN:
SF:src/controllers/alertController.ts
FN:3,(anonymous_9)
FN:41,(anonymous_10)
FN:52,(anonymous_11)
FN:65,(anonymous_12)
FNF:4
FNH:3
FNDA:6,(anonymous_9)
FNDA:0,(anonymous_10)
FNDA:2,(anonymous_11)
FNDA:2,(anonymous_12)
DA:2,1
DA:3,1
DA:4,6
DA:6,6
DA:7,1
DA:11,5
DA:12,5
DA:17,2
DA:20,3
DA:21,3
DA:25,2
DA:30,1
DA:31,1
DA:32,1
DA:34,0
DA:35,0
DA:41,1
DA:42,0
DA:43,0
DA:44,0
DA:46,0
DA:47,0
DA:52,1
DA:53,2
DA:54,2
DA:56,2
DA:57,2
DA:58,1
DA:60,1
DA:61,1
DA:65,1
DA:66,2
DA:68,2
DA:69,2
DA:70,1
DA:72,1
DA:73,1
LF:37
LH:30
BRDA:6,0,0,1
BRDA:12,1,0,2
BRDA:13,2,0,5
BRDA:13,2,1,4
BRDA:13,2,2,3
BRDA:21,3,0,2
BRDA:22,4,0,3
BRDA:22,4,1,3
BRF:8
BRH:8
end_of_record
TN:
SF:src/db/db.ts
FNF:0
FNH:0
DA:2,4
DA:4,4
DA:12,4
LF:3
LH:3
BRF:0
BRH:0
end_of_record
TN:
SF:src/db/fetchAlerts.ts
FN:3,fetchAlerts
FNF:1
FNH:1
FNDA:1,fetchAlerts
DA:1,1
DA:3,1
DA:4,1
DA:8,1
LF:4
LH:4
BRDA:3,0,0,0
BRF:1
BRH:0
end_of_record
TN:
SF:src/db/insertAlerts.ts
FN:3,insertAlerts
FN:4,(anonymous_2)
FNF:2
FNH:2
FNDA:2,insertAlerts
FNDA:1,(anonymous_2)
DA:1,1
DA:3,1
DA:4,2
DA:11,1
DA:16,1
LF:5
LH:5
BRF:0
BRH:0
end_of_record
TN:
SF:src/routes/alertRoutes.ts
FNF:0
FNH:0
DA:1,1
DA:2,1
DA:4,1
DA:6,1
DA:7,1
DA:8,1
DA:9,1
DA:11,1
LF:8
LH:8
BRF:0
BRH:0
end_of_record
TN:
SF:src/services/alertService.ts
FN:4,(anonymous_1)
FN:10,(anonymous_2)
FN:11,(anonymous_3)
FN:29,(anonymous_4)
FN:37,(anonymous_5)
FNF:5
FNH:5
FNDA:1,(anonymous_1)
FNDA:1,(anonymous_2)
FNDA:1,(anonymous_3)
FNDA:3,(anonymous_4)
FNDA:3,(anonymous_5)
DA:1,2
DA:4,2
DA:5,1
DA:6,1
DA:10,2
DA:11,1
DA:19,1
DA:24,1
DA:29,2
DA:30,3
DA:37,2
DA:38,3
LF:12
LH:12
BRDA:13,0,0,1
BRDA:13,0,1,0
BRDA:15,1,0,1
BRDA:15,1,1,1
BRDA:16,2,0,1
BRDA:16,2,1,0
BRF:6
BRH:4
end_of_record
